{"contracts/mytoken.sol":{"l":{"5":7,"6":3,"8":3,"12":3,"13":3,"15":3,"37":1,"42":2,"46":9,"47":3,"51":9,"53":7,"54":3,"55":3,"65":10,"66":10,"67":10,"71":1,"75":1,"80":0,"86":10,"87":10},"path":"/Users/joseong-eun/Test/project/contracts/mytoken.sol","s":{"1":7,"2":3,"3":3,"4":3,"5":3,"6":3,"7":1,"8":2,"9":9,"10":3,"11":9,"12":7,"13":3,"14":3,"15":10,"16":10,"17":10,"18":1,"19":1,"20":0,"21":10,"22":10},"b":{"1":[3,4],"2":[3,0],"3":[7,2]},"f":{"1":7,"2":3,"3":1,"4":2,"5":9,"6":9,"7":10,"8":1,"9":1,"10":0,"11":10},"fnMap":{"1":{"name":"sub","line":4,"loc":{"start":{"line":4,"column":4},"end":{"line":4,"column":68}}},"2":{"name":"add","line":11,"loc":{"start":{"line":11,"column":4},"end":{"line":11,"column":68}}},"3":{"name":"totalSupply","line":36,"loc":{"start":{"line":36,"column":4},"end":{"line":36,"column":54}}},"4":{"name":"balanceOf","line":41,"loc":{"start":{"line":41,"column":4},"end":{"line":41,"column":65}}},"5":{"name":"transfer","line":45,"loc":{"start":{"line":45,"column":4},"end":{"line":45,"column":68}}},"6":{"name":"_transfer","line":50,"loc":{"start":{"line":50,"column":4},"end":{"line":50,"column":70}}},"7":{"name":"constructor","line":64,"loc":{"start":{"line":64,"column":4},"end":{"line":64,"column":79}}},"8":{"name":"name","line":70,"loc":{"start":{"line":70,"column":4},"end":{"line":70,"column":53}}},"9":{"name":"symbol","line":74,"loc":{"start":{"line":74,"column":4},"end":{"line":74,"column":55}}},"10":{"name":"decimals","line":79,"loc":{"start":{"line":79,"column":4},"end":{"line":79,"column":49}}},"11":{"name":"constructor","line":85,"loc":{"start":{"line":85,"column":4},"end":{"line":85,"column":59}}}},"statementMap":{"1":{"start":{"line":5,"column":8},"end":{"line":5,"column":22}},"2":{"start":{"line":6,"column":8},"end":{"line":6,"column":25}},"3":{"start":{"line":8,"column":8},"end":{"line":8,"column":16}},"4":{"start":{"line":12,"column":8},"end":{"line":12,"column":25}},"5":{"start":{"line":13,"column":8},"end":{"line":13,"column":22}},"6":{"start":{"line":15,"column":8},"end":{"line":15,"column":16}},"7":{"start":{"line":37,"column":8},"end":{"line":37,"column":27}},"8":{"start":{"line":42,"column":8},"end":{"line":42,"column":31}},"9":{"start":{"line":46,"column":8},"end":{"line":46,"column":39}},"10":{"start":{"line":47,"column":8},"end":{"line":47,"column":19}},"11":{"start":{"line":51,"column":8},"end":{"line":51,"column":32}},"12":{"start":{"line":53,"column":8},"end":{"line":53,"column":51}},"13":{"start":{"line":54,"column":8},"end":{"line":54,"column":47}},"14":{"start":{"line":55,"column":8},"end":{"line":55,"column":38}},"15":{"start":{"line":65,"column":8},"end":{"line":65,"column":19}},"16":{"start":{"line":66,"column":8},"end":{"line":66,"column":23}},"17":{"start":{"line":67,"column":8},"end":{"line":67,"column":27}},"18":{"start":{"line":71,"column":8},"end":{"line":71,"column":20}},"19":{"start":{"line":75,"column":8},"end":{"line":75,"column":22}},"20":{"start":{"line":80,"column":8},"end":{"line":80,"column":24}},"21":{"start":{"line":86,"column":8},"end":{"line":86,"column":48}},"22":{"start":{"line":87,"column":8},"end":{"line":87,"column":43}}},"branchMap":{"1":{"line":5,"type":"if","locations":[{"start":{"line":5,"column":8},"end":{"line":5,"column":8}},{"start":{"line":5,"column":8},"end":{"line":5,"column":8}}]},"2":{"line":13,"type":"if","locations":[{"start":{"line":13,"column":8},"end":{"line":13,"column":8}},{"start":{"line":13,"column":8},"end":{"line":13,"column":8}}]},"3":{"line":51,"type":"if","locations":[{"start":{"line":51,"column":8},"end":{"line":51,"column":8}},{"start":{"line":51,"column":8},"end":{"line":51,"column":8}}]}}}}