TN:
SF:/Users/joseong-eun/Test/project/contracts/mytoken.sol
FN:4,sub
FN:11,add
FN:36,totalSupply
FN:41,balanceOf
FN:45,transfer
FN:50,_transfer
FN:64,constructor
FN:70,name
FN:74,symbol
FN:79,decimals
FN:85,constructor
FNF:11
FNH:10
FNDA:7,sub
FNDA:3,add
FNDA:1,totalSupply
FNDA:2,balanceOf
FNDA:9,transfer
FNDA:9,_transfer
FNDA:10,constructor
FNDA:1,name
FNDA:1,symbol
FNDA:0,decimals
FNDA:10,constructor
DA:5,7
DA:6,3
DA:8,3
DA:12,3
DA:13,3
DA:15,3
DA:37,1
DA:42,2
DA:46,9
DA:47,3
DA:51,9
DA:53,7
DA:54,3
DA:55,3
DA:65,10
DA:66,10
DA:67,10
DA:71,1
DA:75,1
DA:80,0
DA:86,10
DA:87,10
LF:22
LH:21
BRDA:5,1,0,3
BRDA:5,1,1,4
BRDA:13,2,0,3
BRDA:13,2,1,0
BRDA:51,3,0,7
BRDA:51,3,1,2
BRF:6
BRH:5
end_of_record
